Start testing: Nov 09 03:29 IST
----------------------------------------------------------
1/1 Testing: HNSWBasicTest
1/1 Test: HNSWBasicTest
Command: "/home/blamez/Projects/lightweight_vector_database/build/hnsw_test"
Directory: /home/blamez/Projects/lightweight_vector_database/build
"HNSWBasicTest" start time: Nov 09 03:29 IST
Output:
----------------------------------------------------------
test_squared_l2_distance passed.
test_node_structure passed.
test_vector_storage passed.
test_search_layer passed.
hnsw_test: /home/blamez/Projects/lightweight_vector_database/test/test.cpp:133: void test_insert_nsw(): Assertion `hnsw_graph.nodes[1].neighbors[0].size() == 1' failed.
<end of output>
Test time =   0.11 sec
----------------------------------------------------------
Test Failed.
"HNSWBasicTest" end time: Nov 09 03:29 IST
"HNSWBasicTest" time elapsed: 00:00:00
----------------------------------------------------------

End testing: Nov 09 03:29 IST
